  Application.cpp
  imgui_impl_glfw.cpp
  imgui_impl_opengl3.cpp
  IndexBuffer.cpp
  Renderer.cpp
  Shader.cpp
  Test.cpp
C:\dev\cpp\openGLDemo\openGLDemo\src\test\Test.cpp(16,32): warning C4305: 'argument': truncation from 'double' to 'float'
  TestClearColor.cpp
  TestTexture2D.cpp
  Texture.cpp
  glm.cpp
  imgui.cpp
  imgui_demo.cpp
  imgui_draw.cpp
  imgui_tables.cpp
  imgui_widgets.cpp
  stb_image.cpp
  VertexArray.cpp
  VertexBuffer.cpp
  Generating Code...
LINK : warning LNK4098: defaultlib 'MSVCRT' conflicts with use of other libs; use /NODEFAULTLIB:library
LINK : warning LNK4098: defaultlib 'LIBCMT' conflicts with use of other libs; use /NODEFAULTLIB:library
glew32s.lib(glew.obj) : warning LNK4099: PDB 'vc120.pdb' was not found with 'glew32s.lib(glew.obj)' or at 'C:\dev\cpp\openGLDemo\Debug\vc120.pdb'; linking object as if no debug info
  openGLDemo.vcxproj -> C:\dev\cpp\openGLDemo\Debug\openGLDemo.exe
