c:\users\djahan\desktop\coding\cpp\opengldemo\opengldemo\debug\vc142.pdb
c:\users\djahan\desktop\coding\cpp\opengldemo\opengldemo\debug\vc142.idb
c:\users\djahan\desktop\coding\cpp\opengldemo\opengldemo\debug\renderer.obj
c:\users\djahan\desktop\coding\cpp\opengldemo\opengldemo\debug\vertexbuffer.obj
c:\users\djahan\desktop\coding\cpp\opengldemo\opengldemo\debug\indexbuffer.obj
c:\users\djahan\desktop\coding\cpp\opengldemo\opengldemo\debug\application.obj
c:\users\djahan\desktop\coding\cpp\opengldemo\opengldemo\debug\vertexarray.obj
c:\users\djahan\desktop\coding\cpp\opengldemo\opengldemo\debug\shader.obj
c:\users\djahan\desktop\coding\cpp\opengldemo\opengldemo\debug\stb_image.obj
c:\users\djahan\desktop\coding\cpp\opengldemo\opengldemo\debug\texture.obj
c:\users\djahan\desktop\coding\cpp\opengldemo\opengldemo\debug\imgui_widgets.obj
c:\users\djahan\desktop\coding\cpp\opengldemo\opengldemo\debug\imgui_tables.obj
c:\users\djahan\desktop\coding\cpp\opengldemo\opengldemo\debug\imgui_draw.obj
c:\users\djahan\desktop\coding\cpp\opengldemo\opengldemo\debug\imgui_demo.obj
c:\users\djahan\desktop\coding\cpp\opengldemo\opengldemo\debug\imgui.obj
c:\users\djahan\desktop\coding\cpp\opengldemo\opengldemo\debug\imgui_impl_glfw.obj
c:\users\djahan\desktop\coding\cpp\opengldemo\opengldemo\debug\imgui_impl_opengl3.obj
c:\users\djahan\desktop\coding\cpp\opengldemo\opengldemo\debug\glm.obj
c:\users\djahan\desktop\coding\cpp\opengldemo\opengldemo\debug\testclearcolor.obj
c:\users\djahan\desktop\coding\cpp\opengldemo\opengldemo\debug\test.obj
c:\users\djahan\desktop\coding\cpp\opengldemo\opengldemo\debug\shader.nativecodeanalysis.sarif
c:\users\djahan\desktop\coding\cpp\opengldemo\opengldemo\debug\shader.nativecodeanalysis.xml
c:\users\djahan\desktop\coding\cpp\opengldemo\opengldemo\debug\testtexture2d.obj
c:\users\djahan\desktop\coding\cpp\opengldemo\debug\opengldemo.exe
c:\users\djahan\desktop\coding\cpp\opengldemo\debug\opengldemo.ilk
c:\users\djahan\desktop\coding\cpp\opengldemo\debug\opengldemo.pdb
c:\users\djahan\desktop\coding\cpp\opengldemo\opengldemo\debug\testblending.obj
c:\users\djahan\desktop\coding\cpp\opengldemo\opengldemo\debug\application.obj.enc
c:\users\djahan\desktop\coding\cpp\opengldemo\opengldemo\debug\nativecodeanalysis.read.1.tlog
c:\users\djahan\desktop\coding\cpp\opengldemo\opengldemo\debug\vc.nativecodeanalysis.all.xml
c:\users\djahan\desktop\coding\cpp\opengldemo\debug\opengldemo.exe.lastcodeanalysissucceeded
c:\users\djahan\desktop\coding\cpp\opengldemo\opengldemo\debug\opengldemo.tlog\cl.command.1.tlog
c:\users\djahan\desktop\coding\cpp\opengldemo\opengldemo\debug\opengldemo.tlog\cl.read.1.tlog
c:\users\djahan\desktop\coding\cpp\opengldemo\opengldemo\debug\opengldemo.tlog\cl.write.1.tlog
c:\users\djahan\desktop\coding\cpp\opengldemo\opengldemo\debug\opengldemo.tlog\link.command.1.tlog
c:\users\djahan\desktop\coding\cpp\opengldemo\opengldemo\debug\opengldemo.tlog\link.read.1.tlog
c:\users\djahan\desktop\coding\cpp\opengldemo\opengldemo\debug\opengldemo.tlog\link.write.1.tlog
